#
# A fatal error has been detected by the Java Runtime Environment:
#
#  EXCEPTION_ACCESS_VIOLATION (0xc0000005) at pc=0x00007ffda7e71cd4, pid=1112, tid=1696
#
# JRE version: 7.0_17-b02
# Java VM: Java HotSpot(TM) 64-Bit Server VM (23.7-b01 mixed mode windows-amd64 compressed oops)
# Problematic frame:
# C  [msvcrt.dll+0x1cd4]  operator delete[]+0x0
#
# Failed to write core dump. Minidumps are not enabled by default on client versions of Windows
#
# If you would like to submit a bug report, please visit:
#   http://bugreport.sun.com/bugreport/crash.jsp
# The crash happened outside the Java Virtual Machine in native code.
# See problematic frame for where to report the bug.
#

---------------  T H R E A D  ---------------

Current thread (0x000000002ec24800):  JavaThread "Swing-Shell" daemon [_thread_in_native, id=1696, stack(0x0000000034c70000,0x0000000034f70000)]

siginfo: ExceptionCode=0xc0000005, writing address 0x0000000000000000

Registers:
RAX=0x0000000000000000, RBX=0x0000000029b0e240, RCX=0x000000002a8a41e0, RDX=0x00007ffd9c8c1300
RSP=0x0000000034f6ee78, RBP=0x0000000000000001, RSI=0x000000002a8a41e8, RDI=0x00000000ffffffff
R8 =0x000000000a92f048, R9 =0x0000000000008000, R10=0x0000000000000000, R11=0x0000000034f6edf0
R12=0x000000002dd27278, R13=0x0000000000000001, R14=0x000000002a8a41e0, R15=0x000000002dd27280
RIP=0x00007ffda7e71cd4, EFLAGS=0x0000000000010296

Top of Stack: (sp=0x0000000034f6ee78)
0x0000000034f6ee78:   00007ffd9c8cde1d 0000000034f6eee8
0x0000000034f6ee88:   000000000a9172b1 00000000ffffffff
0x0000000034f6ee98:   0000000000000000 00000000ffffffff
0x0000000034f6eea8:   00007ffd9c8d0d1e 0000000000000000
0x0000000034f6eeb8:   0000000034f6eee8 000000002dd27270
0x0000000034f6eec8:   0000000029b0e240 0000000029b0e240
0x0000000034f6eed8:   0000000000000000 fffffffffffffffe
0x0000000034f6eee8:   0000000000000000 000000001b093580
0x0000000034f6eef8:   0000000000000001 0000000034f6f1c0
0x0000000034f6ef08:   0000000029b0e2a0 0000000029b0e210
0x0000000034f6ef18:   000000002dd27230 0000000034f6f138
0x0000000034f6ef28:   00007ffd9c8cfc75 000000001b0c8f00
0x0000000034f6ef38:   0000000029b0e210 0000000000000000
0x0000000034f6ef48:   0000000000000000 000000002aa32d60
0x0000000034f6ef58:   00007ffd819b5fab 0000000029a8eec0
0x0000000034f6ef68:   0000000000000000 0000000000000000 

Instructions: (pc=0x00007ffda7e71cd4)
0x00007ffda7e71cb4:   33 d2 ff 15 fc b5 09 00 85 c0 75 d0 e9 4c d5 03
0x00007ffda7e71cc4:   00 cc 90 90 90 90 90 90 48 b8 60 81 91 0a 00 00
0x00007ffda7e71cd4:   00 00 ff e0 91 0a 00 00 00 00 ff e0 48 b8 60 73
0x00007ffda7e71ce4:   91 0a 00 00 00 00 ff e0 83 ec 20 48 83 3d c9 d3 


Register to memory mapping:

RAX=0x0000000000000000 is an unknown value
RBX=0x0000000029b0e240 is an unknown value
RCX=0x000000002a8a41e0 is an unknown value
RDX=0x00007ffd9c8c1300 is an unknown value
RSP=0x0000000034f6ee78 is pointing into the stack for thread: 0x000000002ec24800
RBP=0x0000000000000001 is an unknown value
RSI=0x000000002a8a41e8 is an unknown value
RDI=0x00000000ffffffff is an unknown value
R8 =0x000000000a92f048 is an unknown value
R9 =0x0000000000008000 is an unknown value
R10=0x0000000000000000 is an unknown value
R11=0x0000000034f6edf0 is pointing into the stack for thread: 0x000000002ec24800
R12=0x000000002dd27278 is an unknown value
R13=0x0000000000000001 is an unknown value
R14=0x000000002a8a41e0 is an unknown value
R15=0x000000002dd27280 is an unknown value


Stack: [0x0000000034c70000,0x0000000034f70000],  sp=0x0000000034f6ee78,  free space=3067k
Native frames: (J=compiled Java code, j=interpreted, Vv=VM code, C=native code)
C  [msvcrt.dll+0x1cd4]  operator delete[]+0x0

Java frames: (J=compiled Java code, j=interpreted, Vv=VM code)
j  sun.awt.shell.Win32ShellFolder2.getNextChild(J)J+0
j  sun.awt.shell.Win32ShellFolder2.access$1100(Lsun/awt/shell/Win32ShellFolder2;J)J+2
j  sun.awt.shell.Win32ShellFolder2$9.call()[Ljava/io/File;+94
j  sun.awt.shell.Win32ShellFolder2$9.call()Ljava/lang/Object;+1
j  java.util.concurrent.FutureTask$Sync.innerRun()V+29
j  java.util.concurrent.FutureTask.run()V+4
j  java.util.concurrent.ThreadPoolExecutor.runWorker(Ljava/util/concurrent/ThreadPoolExecutor$Worker;)V+95
j  java.util.concurrent.ThreadPoolExecutor$Worker.run()V+5
j  sun.awt.shell.Win32ShellFolderManager2$ComInvoker$3.run()V+7
j  java.lang.Thread.run()V+11
v  ~StubRoutines::call_stub

---------------  P R O C E S S  ---------------

Java Threads: ( => current thread )
=>0x000000002ec24800 JavaThread "Swing-Shell" daemon [_thread_in_native, id=1696, stack(0x0000000034c70000,0x0000000034f70000)]
  0x000000002e754000 JavaThread "HFileChooser Load File/Folder Choosers Thread" [_thread_blocked, id=7696, stack(0x0000000034460000,0x0000000034760000)]
  0x000000002e647000 JavaThread "Monitor File Timestamp" [_thread_blocked, id=5452, stack(0x0000000034160000,0x0000000034460000)]
  0x000000002ae22000 JavaThread "Image Fetcher 3" daemon [_thread_blocked, id=7972, stack(0x000000002d560000,0x000000002d860000)]
  0x000000002ae27000 JavaThread "Image Fetcher 2" daemon [_thread_blocked, id=4296, stack(0x000000002d260000,0x000000002d560000)]
  0x000000002ae24000 JavaThread "Image Fetcher 1" daemon [_thread_blocked, id=1232, stack(0x000000002cf60000,0x000000002d260000)]
  0x000000002b2c9800 JavaThread "Image Fetcher 0" daemon [_thread_blocked, id=8496, stack(0x000000002c060000,0x000000002c360000)]
  0x0000000005cbd000 JavaThread "AWT-EventQueue-1" [_thread_in_native, id=8592, stack(0x000000002bc60000,0x000000002bf60000)]
  0x0000000005cb7000 JavaThread "Process Messages" [_thread_blocked, id=8204, stack(0x0000000029e50000,0x000000002a150000)]
  0x0000000005caa000 JavaThread "Thread-3" [_thread_blocked, id=9824, stack(0x0000000003c30000,0x0000000005030000)]
  0x0000000029b43000 JavaThread "AWT-EventQueue-0" [_thread_blocked, id=8048, stack(0x000000002b860000,0x000000002bb60000)]
  0x0000000029b44000 JavaThread "AWT-Shutdown" [_thread_blocked, id=8772, stack(0x000000002b460000,0x000000002b760000)]
  0x00000000286b0800 JavaThread "AWT-Windows" daemon [_thread_in_native, id=8996, stack(0x000000002a150000,0x000000002a450000)]
  0x00000000286b1000 JavaThread "Java2D Disposer" daemon [_thread_blocked, id=8248, stack(0x0000000029b50000,0x0000000029e50000)]
  0x0000000029201000 JavaThread "TimerQueue" daemon [_thread_blocked, id=8688, stack(0x0000000029750000,0x0000000029a50000)]
  0x0000000026cf0800 JavaThread "Service Thread" daemon [_thread_blocked, id=8760, stack(0x00000000280e0000,0x00000000283e0000)]
  0x0000000026c65000 JavaThread "C1 CompilerThread2" daemon [_thread_blocked, id=4836, stack(0x0000000027fe0000,0x00000000280e0000)]
  0x0000000026c61000 JavaThread "C2 CompilerThread1" daemon [_thread_blocked, id=9972, stack(0x0000000027ee0000,0x0000000027fe0000)]
  0x0000000026bf1000 JavaThread "C2 CompilerThread0" daemon [_thread_blocked, id=3996, stack(0x0000000027de0000,0x0000000027ee0000)]
  0x0000000026c51800 JavaThread "Attach Listener" daemon [_thread_blocked, id=8676, stack(0x0000000027ae0000,0x0000000027de0000)]
  0x0000000026d62000 JavaThread "Signal Dispatcher" daemon [_thread_blocked, id=9716, stack(0x00000000277e0000,0x0000000027ae0000)]
  0x0000000026d64000 JavaThread "Surrogate Locker Thread (Concurrent GC)" daemon [_thread_blocked, id=4960, stack(0x00000000274e0000,0x00000000277e0000)]
  0x0000000026c15800 JavaThread "Finalizer" daemon [_thread_blocked, id=7024, stack(0x00000000271e0000,0x00000000274e0000)]
  0x0000000026c17000 JavaThread "Reference Handler" daemon [_thread_blocked, id=9348, stack(0x0000000026ee0000,0x00000000271e0000)]
  0x0000000019f1b000 JavaThread "main" [_thread_blocked, id=4940, stack(0x000000001b200000,0x000000001b300000)]

Other Threads:
  0x000000001b1e2000 VMThread [stack: 0x0000000026de0000,0x0000000026ee0000] [id=8356]
  0x0000000026d97800 WatcherThread [stack: 0x00000000283e0000,0x00000000284e0000] [id=10200]

VM state:not at safepoint (normal execution)

VM Mutex/Monitor currently owned by a thread: None

Heap
 par new generation   total 55296K, used 31984K [0x0000000778000000, 0x000000077bc00000, 0x000000077bc00000)
  eden space 49152K,  52% used [0x0000000778000000, 0x000000077993c2d0, 0x000000077b000000)
  from space 6144K, 100% used [0x000000077b000000, 0x000000077b600000, 0x000000077b600000)
  to   space 6144K,   0% used [0x000000077b600000, 0x000000077b600000, 0x000000077bc00000)
 concurrent mark-sweep generation total 69632K, used 11001K [0x000000077bc00000, 0x0000000780000000, 0x00000007f8000000)
 concurrent-mark-sweep perm gen total 131072K, used 28902K [0x00000007f8000000, 0x0000000800000000, 0x0000000800000000)

Card table byte_map: [0x00000000218a0000,0x0000000021cf0000] byte_map_base: 0x000000001dce0000

Polling page: 0x000000001b300000

Code Cache  [0x000000001b320000, 0x000000001ba50000, 0x0000000021320000)
 total_blobs=2513 nmethods=1904 adapters=524 free_code_cache=91149Kb largest_free_block=93192128

Compilation events (10 events):
Event: 19.616 Thread 0x0000000026c65000 2227       3       java.nio.HeapCharBuffer::put (16 bytes)
Event: 19.617 Thread 0x0000000026c65000 nmethod 2227 0x000000001b582990 code [0x000000001b582b20, 0x000000001b582f48]
Event: 19.617 Thread 0x0000000026c61000 2231       4       java.util.concurrent.ConcurrentHashMap::entryAt (29 bytes)
Event: 19.617 Thread 0x0000000026c65000 2229       3       java.nio.Buffer::nextPutIndex (31 bytes)
Event: 19.618 Thread 0x0000000026c65000 nmethod 2229 0x000000001b582490 code [0x000000001b582600, 0x000000001b5828a8]
Event: 19.618 Thread 0x0000000026c61000 nmethod 2231 0x000000001b46dad0 code [0x000000001b46dc00, 0x000000001b46dc78]
Event: 19.618 Thread 0x0000000026c65000 2228       3       sun.nio.ch.Util::access$000 (4 bytes)
Event: 19.619 Thread 0x0000000026c65000 nmethod 2228 0x000000001b582150 code [0x000000001b5822a0, 0x000000001b582410]
Event: 19.619 Thread 0x0000000026c65000 2230       3       java.lang.String::<init> (43 bytes)
Event: 19.619 Thread 0x0000000026c65000 nmethod 2230 0x000000001b9f9610 code [0x000000001b9f97a0, 0x000000001b9f9b08]

GC Heap History (4 events):
Event: 10.472 GC heap before
{Heap before GC invocations=0 (full 0):
 par new generation   total 55296K, used 49152K [0x0000000778000000, 0x000000077bc00000, 0x000000077bc00000)
  eden space 49152K, 100% used [0x0000000778000000, 0x000000077b000000, 0x000000077b000000)
  from space 6144K,   0% used [0x000000077b000000, 0x000000077b000000, 0x000000077b600000)
  to   space 6144K,   0% used [0x000000077b600000, 0x000000077b600000, 0x000000077bc00000)
 concurrent mark-sweep generation total 69632K, used 0K [0x000000077bc00000, 0x0000000780000000, 0x00000007f8000000)
 concurrent-mark-sweep perm gen total 131072K, used 13030K [0x00000007f8000000, 0x0000000800000000, 0x0000000800000000)
Event: 10.484 GC heap after
Heap after GC invocations=1 (full 0):
 par new generation   total 55296K, used 6144K [0x0000000778000000, 0x000000077bc00000, 0x000000077bc00000)
  eden space 49152K,   0% used [0x0000000778000000, 0x0000000778000000, 0x000000077b000000)
  from space 6144K, 100% used [0x000000077b600000, 0x000000077bc00000, 0x000000077bc00000)
  to   space 6144K,   0% used [0x000000077b000000, 0x000000077b000000, 0x000000077b600000)
 concurrent mark-sweep generation total 69632K, used 547K [0x000000077bc00000, 0x0000000780000000, 0x00000007f8000000)
 concurrent-mark-sweep perm gen total 131072K, used 13030K [0x00000007f8000000, 0x0000000800000000, 0x0000000800000000)
}
Event: 17.279 GC heap before
{Heap before GC invocations=1 (full 0):
 par new generation   total 55296K, used 55296K [0x0000000778000000, 0x000000077bc00000, 0x000000077bc00000)
  eden space 49152K, 100% used [0x0000000778000000, 0x000000077b000000, 0x000000077b000000)
  from space 6144K, 100% used [0x000000077b600000, 0x000000077bc00000, 0x000000077bc00000)
  to   space 6144K,   0% used [0x000000077b000000, 0x000000077b000000, 0x000000077b600000)
 concurrent mark-sweep generation total 69632K, used 547K [0x000000077bc00000, 0x0000000780000000, 0x00000007f8000000)
 concurrent-mark-sweep perm gen total 131072K, used 22815K [0x00000007f8000000, 0x0000000800000000, 0x0000000800000000)
Event: 17.337 GC heap after
Heap after GC invocations=2 (full 0):
 par new generation   total 55296K, used 6144K [0x0000000778000000, 0x000000077bc00000, 0x000000077bc00000)
  eden space 49152K,   0% used [0x0000000778000000, 0x0000000778000000, 0x000000077b000000)
  from space 6144K, 100% used [0x000000077b000000, 0x000000077b600000, 0x000000077b600000)
  to   space 6144K,   0% used [0x000000077b600000, 0x000000077b600000, 0x000000077bc00000)
 concurrent mark-sweep generation total 69632K, used 11001K [0x000000077bc00000, 0x0000000780000000, 0x00000007f8000000)
 concurrent-mark-sweep perm gen total 131072K, used 22815K [0x00000007f8000000, 0x0000000800000000, 0x0000000800000000)
}

Deoptimization events (10 events):
Event: 18.275 Thread 0x000000002e754000 Uncommon trap -58 fr.pc 0x000000001b753e94
Event: 18.276 Thread 0x000000002e754000 Uncommon trap -58 fr.pc 0x000000001b753e94
Event: 18.512 Thread 0x000000002e754000 Uncommon trap 668 fr.pc 0x000000001b87bb94
Event: 18.797 Thread 0x0000000005cbd000 Uncommon trap -83 fr.pc 0x000000001b83c788
Event: 18.870 Thread 0x000000002e754000 Uncommon trap -34 fr.pc 0x000000001b5829e4
Event: 18.982 Thread 0x000000002e754000 Uncommon trap -34 fr.pc 0x000000001b5829e4
Event: 19.102 Thread 0x000000002e754000 Uncommon trap -34 fr.pc 0x000000001b5829e4
Event: 19.408 Thread 0x0000000005cbd000 Uncommon trap -83 fr.pc 0x000000001b492a30
Event: 19.450 Thread 0x0000000005cbd000 Uncommon trap -83 fr.pc 0x000000001b9b2604
Event: 19.512 Thread 0x000000002e754000 Uncommon trap 45 fr.pc 0x000000001b4a880c

Internal exceptions (10 events):
Event: 19.597 Thread 0x0000000005cbd000 Threw 0x00000007798db970 at C:\jdk7u2_64p\jdk7u17\hotspot\src\share\vm\prims\jvm.cpp:1166
Event: 19.598 Thread 0x0000000005cbd000 Threw 0x00000007798ddeb0 at C:\jdk7u2_64p\jdk7u17\hotspot\src\share\vm\prims\jvm.cpp:1166
Event: 19.598 Thread 0x0000000005cbd000 Threw 0x00000007798e0520 at C:\jdk7u2_64p\jdk7u17\hotspot\src\share\vm\prims\jvm.cpp:1166
Event: 19.599 Thread 0x0000000005cbd000 Threw 0x00000007798e2e28 at C:\jdk7u2_64p\jdk7u17\hotspot\src\share\vm\prims\jvm.cpp:1166
Event: 19.599 Thread 0x0000000005cbd000 Threw 0x00000007798e6360 at C:\jdk7u2_64p\jdk7u17\hotspot\src\share\vm\prims\jvm.cpp:1166
Event: 19.600 Thread 0x0000000005cbd000 Threw 0x00000007798e9030 at C:\jdk7u2_64p\jdk7u17\hotspot\src\share\vm\prims\jvm.cpp:1166
Event: 19.600 Thread 0x0000000005cbd000 Threw 0x00000007798ebd98 at C:\jdk7u2_64p\jdk7u17\hotspot\src\share\vm\prims\jvm.cpp:1166
Event: 19.601 Thread 0x0000000005cbd000 Threw 0x00000007798f0820 at C:\jdk7u2_64p\jdk7u17\hotspot\src\share\vm\prims\jvm.cpp:1166
Event: 19.601 Thread 0x0000000005cbd000 Threw 0x00000007798f2920 at C:\jdk7u2_64p\jdk7u17\hotspot\src\share\vm\prims\jvm.cpp:1166
Event: 19.602 Thread 0x0000000005cbd000 Threw 0x00000007798f4560 at C:\jdk7u2_64p\jdk7u17\hotspot\src\share\vm\prims\jvm.cpp:1166

Events (10 events):
Event: 19.601 loading class 0x0000000028639fe0
Event: 19.601 loading class 0x0000000028639fe0 done
Event: 19.604 loading class 0x000000001b04b080
Event: 19.609 Thread 0x0000000026c61000 flushing nmethod 0x000000001b581dd0
Event: 19.614 loading class 0x000000001b04b080 done
Event: 19.614 loading class 0x000000001b04b040
Event: 19.614 loading class 0x000000001b04afc0
Event: 19.615 loading class 0x000000001b04afc0 done
Event: 19.615 loading class 0x000000001b04b040 done
Event: 19.619 Thread 0x0000000026c65000 flushing nmethod 0x000000001b764950


Dynamic libraries:
0x0000000140000000 - 0x000000014000e000 	C:\Xilinx2\14.7\ISE_DS\PlanAhead\bin\unwrapped\win64.o\planAhead.exe
0x00007ffdaa4a0000 - 0x00007ffdaa64a000 	C:\WINDOWS\SYSTEM32\ntdll.dll
0x00007ffda8070000 - 0x00007ffda81aa000 	C:\WINDOWS\system32\KERNEL32.DLL
0x00007ffda7c10000 - 0x00007ffda7d1f000 	C:\WINDOWS\system32\KERNELBASE.dll
0x000000000a900000 - 0x000000000a945000 	C:\Xilinx2\14.7\ISE_DS\PlanAhead\lib\win64.o\SHSMP64.dll
0x0000000180000000 - 0x0000000180013000 	C:\Xilinx2\14.7\ISE_DS\PlanAhead\lib\win64.o\libboost_signals.dll
0x0000000000360000 - 0x0000000000be1000 	C:\Xilinx2\14.7\ISE_DS\PlanAhead\lib\win64.o\librdi_common.dll
0x0000000000170000 - 0x0000000000186000 	C:\Xilinx2\14.7\ISE_DS\PlanAhead\lib\win64.o\librdi_commonmain.dll
0x0000000000bf0000 - 0x0000000000cde000 	C:\Xilinx2\14.7\ISE_DS\PlanAhead\lib\win64.o\stlport.5.2.dll
0x0000000070a30000 - 0x0000000070ad3000 	C:\WINDOWS\WinSxS\amd64_microsoft.vc90.crt_1fc8b3b9a1e18e3b_9.0.30729.8387_none_08e793bfa83a89b5\MSVCR90.dll
0x00007ffda9ea0000 - 0x00007ffdaa011000 	C:\WINDOWS\system32\USER32.dll
0x00007ffda82b0000 - 0x00007ffda8355000 	C:\WINDOWS\system32\ADVAPI32.dll
0x00007ffda5a80000 - 0x00007ffda5a8a000 	C:\WINDOWS\SYSTEM32\VERSION.dll
0x0000000000ce0000 - 0x0000000000fc9000 	C:\Xilinx2\14.7\ISE_DS\PlanAhead\lib\win64.o\libCOIN-all.dll
0x0000000000fd0000 - 0x000000000120a000 	C:\Xilinx2\14.7\ISE_DS\PlanAhead\lib\win64.o\libSecurity.dll
0x00000000001c0000 - 0x00000000001cf000 	C:\Xilinx2\14.7\ISE_DS\PlanAhead\lib\win64.o\libboost_date_time.dll
0x0000000001210000 - 0x0000000001237000 	C:\Xilinx2\14.7\ISE_DS\PlanAhead\lib\win64.o\libboost_filesystem.dll
0x0000000001240000 - 0x00000000012b1000 	C:\Xilinx2\14.7\ISE_DS\PlanAhead\lib\win64.o\libboost_program_options.dll
0x00000000012c0000 - 0x000000000136f000 	C:\Xilinx2\14.7\ISE_DS\PlanAhead\lib\win64.o\libboost_regex.dll
0x00000000001d0000 - 0x00000000001d9000 	C:\Xilinx2\14.7\ISE_DS\PlanAhead\lib\win64.o\libboost_system.dll
0x0000000001370000 - 0x0000000001386000 	C:\Xilinx2\14.7\ISE_DS\PlanAhead\lib\win64.o\libboost_thread.dll
0x0000000001390000 - 0x00000000013d3000 	C:\Xilinx2\14.7\ISE_DS\PlanAhead\lib\win64.o\libcurl.dll
0x00000000013e0000 - 0x0000000001463000 	C:\Xilinx2\14.7\ISE_DS\PlanAhead\lib\win64.o\libhdlpsolve.dll
0x0000000001470000 - 0x0000000001527000 	C:\Xilinx2\14.7\ISE_DS\PlanAhead\lib\win64.o\libhdxml.dll
0x0000000001530000 - 0x0000000001a730d3 	C:\Xilinx2\14.7\ISE_DS\PlanAhead\lib\win64.o\libisl_iostreams.dll
0x0000000001a80000 - 0x0000000001aa9000 	C:\Xilinx2\14.7\ISE_DS\PlanAhead\lib\win64.o\libisl_sysinfo.dll
0x000000006eb90000 - 0x000000006f2af000 	C:\Xilinx2\14.7\ISE_DS\PlanAhead\tps\win64\jre\bin\server\jvm.dll
0x0000000001ab0000 - 0x0000000001ac2000 	C:\Xilinx2\14.7\ISE_DS\PlanAhead\lib\win64.o\pthreadVC.dll
0x0000000001ad0000 - 0x0000000001ae6000 	C:\Xilinx2\14.7\ISE_DS\PlanAhead\lib\win64.o\librdiconfig.dll
0x0000000001af0000 - 0x0000000001b0e000 	C:\Xilinx2\14.7\ISE_DS\PlanAhead\lib\win64.o\librdizlib.dll
0x0000000010000000 - 0x000000001012a000 	C:\Xilinx2\14.7\ISE_DS\PlanAhead\lib\win64.o\tcl85t.dll
0x0000000012000000 - 0x0000000012282000 	C:\Xilinx2\14.7\ISE_DS\PlanAhead\lib\win64.o\xerces-c_3_1.dll
0x00007ffda7d20000 - 0x00007ffda7d27000 	C:\WINDOWS\system32\PSAPI.DLL
0x00007ffda0700000 - 0x00007ffda093b000 	C:\WINDOWS\SYSTEM32\WININET.dll
0x00007ffd9cb70000 - 0x00007ffd9cc35000 	C:\WINDOWS\SYSTEM32\WINHTTP.dll
0x00007ffda0d20000 - 0x00007ffda0e8c000 	C:\WINDOWS\SYSTEM32\urlmon.dll
0x00007ffd8d230000 - 0x00007ffd8d239000 	C:\WINDOWS\SYSTEM32\WSOCK32.dll
0x0000000070ae0000 - 0x0000000070bb3000 	C:\WINDOWS\WinSxS\amd64_microsoft.vc90.crt_1fc8b3b9a1e18e3b_9.0.30729.8387_none_08e793bfa83a89b5\MSVCP90.dll
0x00007ffda8360000 - 0x00007ffda977f000 	C:\WINDOWS\system32\SHELL32.dll
0x00007ffda7f20000 - 0x00007ffda8064000 	C:\WINDOWS\system32\GDI32.dll
0x00007ffda7e70000 - 0x00007ffda7f17000 	C:\WINDOWS\system32\msvcrt.dll
0x00007ffda99e0000 - 0x00007ffda9a37000 	C:\WINDOWS\SYSTEM32\sechost.dll
0x00007ffda9780000 - 0x00007ffda98b7000 	C:\WINDOWS\system32\RPCRT4.dll
0x00007ffda2910000 - 0x00007ffda2925000 	C:\WINDOWS\SYSTEM32\NETAPI32.dll
0x00007ffda9c80000 - 0x00007ffda9d1e000 	C:\WINDOWS\system32\COMDLG32.dll
0x00007ffda7930000 - 0x00007ffda79d1000 	C:\WINDOWS\WinSxS\amd64_microsoft.windows.common-controls_6595b64144ccf1df_5.82.9600.16384_none_34a8918f959016ea\COMCTL32.dll
0x00007ffda9920000 - 0x00007ffda99d7000 	C:\WINDOWS\system32\OLEAUT32.dll
0x00007ffda9d20000 - 0x00007ffda9e98000 	C:\WINDOWS\system32\ole32.dll
0x00007ffda78e0000 - 0x00007ffda792c000 	C:\WINDOWS\system32\WINTRUST.dll
0x00007ffda7a30000 - 0x00007ffda7c07000 	C:\WINDOWS\system32\CRYPT32.dll
0x0000000001bb0000 - 0x0000000001bbc000 	C:\Xilinx2\14.7\ISE_DS\PlanAhead\lib\win64.o\libboost_chrono.dll
0x00007ffda98c0000 - 0x00007ffda9918000 	C:\WINDOWS\system32\WS2_32.dll
0x00007ffda9a40000 - 0x00007ffda9a9a000 	C:\WINDOWS\system32\WLDAP32.dll
0x0000000001bf0000 - 0x0000000001c09000 	C:\Xilinx2\14.7\ISE_DS\PlanAhead\lib\win64.o\libboost_iostreams.dll
0x00007ffda1c80000 - 0x00007ffda1c9f000 	C:\WINDOWS\SYSTEM32\WINMM.dll
0x0000000071250000 - 0x0000000071322000 	C:\WINDOWS\SYSTEM32\MSVCR100.dll
0x00007ffda0940000 - 0x00007ffda0bef000 	C:\WINDOWS\SYSTEM32\iertutil.dll
0x00007ffda6e80000 - 0x00007ffda6e9e000 	C:\WINDOWS\SYSTEM32\USERENV.dll
0x00007ffda9aa0000 - 0x00007ffda9c76000 	C:\WINDOWS\SYSTEM32\combase.dll
0x00007ffdaa020000 - 0x00007ffdaa071000 	C:\WINDOWS\system32\SHLWAPI.dll
0x00007ffda6ac0000 - 0x00007ffda6acc000 	C:\WINDOWS\SYSTEM32\netutils.dll
0x00007ffda7480000 - 0x00007ffda74a5000 	C:\WINDOWS\SYSTEM32\srvcli.dll
0x00007ffda28d0000 - 0x00007ffda28e6000 	C:\WINDOWS\SYSTEM32\wkscli.dll
0x00007ffda78c0000 - 0x00007ffda78d2000 	C:\WINDOWS\system32\MSASN1.dll
0x00007ffda82a0000 - 0x00007ffda82a9000 	C:\WINDOWS\system32\NSI.dll
0x00007ffda1c50000 - 0x00007ffda1c7a000 	C:\WINDOWS\SYSTEM32\WINMMBASE.dll
0x00007ffda7810000 - 0x00007ffda7824000 	C:\WINDOWS\SYSTEM32\profapi.dll
0x00007ffda79e0000 - 0x00007ffda7a2a000 	C:\WINDOWS\SYSTEM32\cfgmgr32.dll
0x00007ffda6690000 - 0x00007ffda66b6000 	C:\WINDOWS\SYSTEM32\DEVOBJ.dll
0x00007ffda58c0000 - 0x00007ffda595f000 	C:\WINDOWS\SYSTEM32\SHCORE.DLL
0x00007ffda81b0000 - 0x00007ffda81e4000 	C:\WINDOWS\system32\IMM32.DLL
0x00007ffda7d30000 - 0x00007ffda7e69000 	C:\WINDOWS\system32\MSCTF.dll
0x0000000005030000 - 0x0000000005323000 	C:\Xilinx2\14.7\ISE_DS\PlanAhead\lib\win64.o\librdi_commontasks.dll
0x00007ffd9dab0000 - 0x00007ffd9dab3000 	C:\WINDOWS\SYSTEM32\icmp.Dll
0x00007ffda1bf0000 - 0x00007ffda1c19000 	C:\WINDOWS\SYSTEM32\iphlpapi.DLL
0x00007ffda1bc0000 - 0x00007ffda1bca000 	C:\WINDOWS\SYSTEM32\WINNSI.DLL
0x00007ffda7650000 - 0x00007ffda767b000 	C:\WINDOWS\SYSTEM32\SspiCli.dll
0x00007ffd9bc40000 - 0x00007ffd9bc54000 	C:\WINDOWS\system32\napinsp.dll
0x00007ffd9bc60000 - 0x00007ffd9bc79000 	C:\WINDOWS\system32\pnrpnsp.dll
0x00007ffda2c80000 - 0x00007ffda2c99000 	C:\WINDOWS\system32\NLAapi.dll
0x00007ffda70d0000 - 0x00007ffda7128000 	C:\WINDOWS\System32\mswsock.dll
0x00007ffda6ee0000 - 0x00007ffda6f83000 	C:\WINDOWS\SYSTEM32\DNSAPI.dll
0x00007ffd9bc80000 - 0x00007ffd9bc8c000 	C:\WINDOWS\System32\winrnr.dll
0x00007ffd9bc90000 - 0x00007ffd9bca3000 	C:\WINDOWS\system32\wshbth.dll
0x0000000070d30000 - 0x0000000070d56000 	C:\Program Files\Bonjour\mdnsNSP.dll
0x00007ffda6510000 - 0x00007ffda6631000 	C:\WINDOWS\system32\uxtheme.dll
0x00007ffda1780000 - 0x00007ffda17e8000 	C:\WINDOWS\System32\fwpuclnt.dll
0x00007ffd9c0e0000 - 0x00007ffd9c0e9000 	C:\Windows\System32\rasadhlp.dll
0x00007ffda16a0000 - 0x00007ffda16b4000 	C:\WINDOWS\SYSTEM32\dhcpcsvc6.DLL
0x00007ffda1890000 - 0x00007ffda18a9000 	C:\WINDOWS\SYSTEM32\dhcpcsvc.DLL
0x0000000006c00000 - 0x0000000007240000 	C:\Xilinx2\14.7\ISE_DS\PlanAhead\lib\win64.o\librdi_coretasks.dll
0x0000000007240000 - 0x0000000007407000 	C:\Xilinx2\14.7\ISE_DS\PlanAhead\lib\win64.o\librdi_chipscope.dll
0x0000000007410000 - 0x0000000008430000 	C:\Xilinx2\14.7\ISE_DS\PlanAhead\lib\win64.o\librdi_constraints.dll
0x0000000008430000 - 0x00000000096fc000 	C:\Xilinx2\14.7\ISE_DS\PlanAhead\lib\win64.o\librdi_coregen.dll
0x000000000a950000 - 0x000000000dfa1000 	C:\Xilinx2\14.7\ISE_DS\PlanAhead\lib\win64.o\librdi_designutils.dll
0x0000000009700000 - 0x000000000a2da000 	C:\Xilinx2\14.7\ISE_DS\PlanAhead\lib\win64.o\librdi_device.dll
0x000000000a2e0000 - 0x000000000a5f4000 	C:\Xilinx2\14.7\ISE_DS\PlanAhead\lib\win64.o\librdi_drc.dll
0x000000000a600000 - 0x000000000a88e000 	C:\Xilinx2\14.7\ISE_DS\PlanAhead\lib\win64.o\librdi_filemgmt.dll
0x000000000dfb0000 - 0x000000000e386000 	C:\Xilinx2\14.7\ISE_DS\PlanAhead\lib\win64.o\librdi_netlist.dll
0x000000000e390000 - 0x000000000f4b3000 	C:\Xilinx2\14.7\ISE_DS\PlanAhead\lib\win64.o\librdi_place.dll
0x000000000f4c0000 - 0x000000000f9e2000 	C:\Xilinx2\14.7\ISE_DS\PlanAhead\lib\win64.o\librdi_power.dll
0x000000000f9f0000 - 0x000000000fda3000 	C:\Xilinx2\14.7\ISE_DS\PlanAhead\lib\win64.o\librdi_project.dll
0x0000000010130000 - 0x00000000106cd000 	C:\Xilinx2\14.7\ISE_DS\PlanAhead\lib\win64.o\librdi_rsb.dll
0x00000000106d0000 - 0x0000000010ac8000 	C:\Xilinx2\14.7\ISE_DS\PlanAhead\lib\win64.o\librdi_runs.dll
0x0000000010ad0000 - 0x00000000115a8000 	C:\Xilinx2\14.7\ISE_DS\PlanAhead\lib\win64.o\librdi_timing.dll
0x00000000037a0000 - 0x000000000380e000 	C:\Xilinx2\14.7\ISE_DS\PlanAhead\lib\win64.o\liblmx6.0.dll
0x0000000003780000 - 0x0000000003788000 	C:\Xilinx2\14.7\ISE_DS\PlanAhead\lib\win64.o\libpsta_dllwrapper.dll
0x00000000115b0000 - 0x0000000011d7f000 	C:\Xilinx2\14.7\ISE_DS\PlanAhead\lib\win64.o\librdi_coregenipxact.dll
0x0000000012290000 - 0x0000000012a30000 	C:\Xilinx2\14.7\ISE_DS\PlanAhead\lib\win64.o\libverific.dll
0x000000000fdb0000 - 0x000000000fe2d000 	C:\Xilinx2\14.7\ISE_DS\PlanAhead\lib\win64.o\libboost_serialization.dll
0x0000000012a30000 - 0x0000000012f74000 	C:\Xilinx2\14.7\ISE_DS\PlanAhead\lib\win64.o\librdi_xdm.dll
0x000000000fe30000 - 0x000000000fec0000 	C:\Xilinx2\14.7\ISE_DS\PlanAhead\lib\win64.o\libise.dll
0x0000000012f80000 - 0x000000001355c000 	C:\Xilinx2\14.7\ISE_DS\PlanAhead\lib\win64.o\librdi_abc_nomp.dll
0x000000000fec0000 - 0x000000000ffe8000 	C:\Xilinx2\14.7\ISE_DS\PlanAhead\lib\win64.o\librdi_dlyest.dll
0x00000000061c0000 - 0x00000000061da000 	C:\Xilinx2\14.7\ISE_DS\PlanAhead\lib\win64.o\librdi_hmetis.dll
0x000000006eb70000 - 0x000000006eb81000 	C:\WINDOWS\WinSxS\amd64_microsoft.vc90.openmp_1fc8b3b9a1e18e3b_9.0.30729.6161_none_390d35aa0a1f21f9\VCOMP90.DLL
0x0000000013560000 - 0x0000000013b4e000 	C:\Xilinx2\14.7\ISE_DS\PlanAhead\lib\win64.o\librdi_route.dll
0x0000000011d80000 - 0x0000000011faa000 	C:\Xilinx2\14.7\ISE_DS\PlanAhead\lib\win64.o\librdi_labtools.dll
0x0000000013b50000 - 0x000000001408b000 	C:\Xilinx2\14.7\ISE_DS\PlanAhead\lib\win64.o\librdi_memdata.dll
0x0000000014090000 - 0x00000000157bf000 	C:\Xilinx2\14.7\ISE_DS\PlanAhead\lib\win64.o\librdi_synth.dll
0x00000000157c0000 - 0x0000000015bfe000 	C:\Xilinx2\14.7\ISE_DS\PlanAhead\lib\win64.o\librdi_ip.dll
0x0000000015c30000 - 0x0000000015c6d000 	C:\Xilinx2\14.7\ISE_DS\PlanAhead\lib\win64.o\librdi_simbridge_kernel.dll
0x0000000015c70000 - 0x00000000160e6000 	C:\Xilinx2\14.7\ISE_DS\PlanAhead\lib\win64.o\librdi_wavedata.dll
0x0000000017640000 - 0x00000000196f8000 	C:\Xilinx2\14.7\ISE_DS\PlanAhead\lib\win64.o\librdi_tcltasks.dll
0x0000000019710000 - 0x0000000019984000 	C:\Xilinx2\14.7\ISE_DS\PlanAhead\lib\win64.o\librdi_bitstream.dll
0x0000000019990000 - 0x0000000019a64000 	C:\Xilinx2\14.7\ISE_DS\PlanAhead\lib\win64.o\librdi_dsp.dll
0x0000000019a70000 - 0x0000000019ade000 	C:\Xilinx2\14.7\ISE_DS\PlanAhead\lib\win64.o\librdi_edk.dll
0x0000000019ae0000 - 0x0000000019cee000 	C:\Xilinx2\14.7\ISE_DS\PlanAhead\lib\win64.o\librdi_simdata.dll

VM Arguments:
jvm_args: -Dsun.java2d.pmoffscreen=false -Xverify:none -Dswing.aatext=true -XX:-UsePerfData -Djdk.map.althashing.threshold=512 -XX:PermSize=128m -XX:MaxPermSize=128m -XX:NewSize=60m -XX:MaxNewSize=60m -XX:+UseConcMarkSweepGC -XX:+UseParNewGC -XX:+CMSParallelRemarkEnabled -XX:+CMSScavengeBeforeRemark -XX:+UseNUMA -XX:+AggressiveOpts -XX:+UseFastAccessorMethods -XX:+UseFastEmptyMethods -XX:+UseBiasedLocking -XX:+TieredCompilation -Xms128m -Xmx2048m -Xss3m 
java_command: <unknown>
Launcher Type: generic

Environment Variables:
PATH=C:/Xilinx2/14.7/ISE_DS/PlanAhead/bin;C:/Xilinx2/14.7/ISE_DS/PlanAhead/lib/win64.o;C:/Xilinx2/14.7/ISE_DS/PlanAhead/tps/win64/jre/bin/server;C:/Xilinx2/14.7/ISE_DS/PlanAhead/tps/win64/jre/bin;C:/Xilinx2/14.7/ISE_DS/EDK/bin/nt64;C:/Xilinx2/14.7/ISE_DS/EDK/lib/nt64;C:/Xilinx2/14.7/ISE_DS/ISE/bin/nt64;C:/Xilinx2/14.7/ISE_DS/ISE/lib/nt64;C:/Xilinx2/14.7/ISE_DS/common/bin/nt64;C:/Xilinx2/14.7/ISE_DS/common/lib/nt64;C:\Xilinx2\14.7\ISE_DS\ISE\\lib\nt64;C:\Xilinx2\14.7\ISE_DS\ISE\\bin\nt64;c:\Program Files (x86)\Intel\iCLS Client\;c:\Program Files\Intel\iCLS Client\;C:\WINDOWS\system32;C:\WINDOWS;C:\WINDOWS\System32\Wbem;C:\WINDOWS\System32\WindowsPowerShell\v1.0\;C:\Program Files\Intel\Intel(R) Management Engine Components\DAL;C:\Program Files\Intel\Intel(R) Management Engine Components\IPT;C:\Program Files (x86)\Intel\Intel(R) Management Engine Components\DAL;C:\Program Files (x86)\Intel\Intel(R) Management Engine Components\IPT;c:\Program Files (x86)\ATI Technologies\ATI.ACE\Core-Static;C:\Program Files (x86)\Windows Live\Shared;C:\Program Files\Microsoft SQL Server\110\Tools\Binn\;C:\Program Files (x86)\Windows Kits\8.1\Windows Performance Toolkit\
USERNAME=Alexandros
OS=Windows_NT
PROCESSOR_IDENTIFIER=Intel64 Family 6 Model 58 Stepping 9, GenuineIntel



---------------  S Y S T E M  ---------------

OS: Windows 8 , 64 bit Build 9200 

CPU:total 4 (2 cores per cpu, 2 threads per core) family 6 model 58 stepping 9, cmov, cx8, fxsr, mmx, sse, sse2, sse3, ssse3, sse4.1, sse4.2, popcnt, avx, ht, tsc, tscinvbit, tscinv

Memory: 4k page, physical 4072728k(1567620k free), swap 5110812k(1081040k free)

vm_info: Java HotSpot(TM) 64-Bit Server VM (23.7-b01) for windows-amd64 JRE (1.7.0_17-b02), built on Mar  1 2013 03:38:30 by "java_re" with unknown MS VC++:1600

time: Sun Oct 12 19:49:53 2014
elapsed time: 19 seconds

